2020-05-30 15:11:00,807 - instabot version: 0.117.0 (bot) - INFO - Instabot version: 0.117.0 Started
2020-05-30 15:11:00,807 - instabot version: 0.117.0 (bot) - DEBUG - Bot imported from C:\Users\samson\AppData\Local\Programs\Python\Python38-32\lib\site-packages\instabot\bot\bot.py
2020-05-30 15:11:00,808 - instabot version: 0.117.0 (api_login) - DEBUG - Loading cookies
2020-05-30 15:11:00,808 - instabot version: 0.117.0 (api_login) - DEBUG - Loading uuids
2020-05-30 15:11:00,808 - instabot version: 0.117.0 (api_login) - INFO - Recovery from E:\Automated Post In intsgram/config/Coding__hacks_uuid_and_cookie.json: COOKIE True - UUIDs True - TIMING, DEVICE and ...
- user-agent=Instagram 117.0.0.28.123 Android (28/9.0; 420dpi; 1080x1920; OnePlus; ONEPLUS A3003; OnePlus3; qcom; en_US; 180322800)
- phone_id=cf1c0ff0-e623-4775-9f8b-ea3d10801c70
- uuid=668dfe16-ab5a-4f5f-9402-e3656e4f077b
- client_session_id=226a8d5f-d3fd-473a-b793-fdcf0be76de9
- device_id=android-efe34e45829d0927
2020-05-30 15:11:00,810 - instabot version: 0.117.0 (api_login) - INFO - LOGIN FLOW! Just logged-in: False
2020-05-30 15:11:03,320 - instabot version: 0.117.0 (api) - DEBUG - POST to endpoint: feed/timeline/ returned response: <Response [200]>
2020-05-30 15:11:04,281 - instabot version: 0.117.0 (api) - DEBUG - POST to endpoint: feed/reels_tray/ returned response: <Response [200]>
2020-05-30 15:11:04,282 - instabot version: 0.117.0 (api) - INFO - Logged-in successfully as 'Coding__hacks'!
2020-05-30 15:11:04,283 - instabot version: 0.117.0 (bot_checkpoint) - DEBUG - Loading Checkpoint file from: E:\Automated Post In intsgram/config/Coding__hacks.checkpoint
2020-05-30 15:11:24,093 - instabot version: 0.117.0 (api) - DEBUG - POST to endpoint: media/configure/? returned response: <Response [200]>
2020-05-30 15:11:24,594 - instabot version: 0.117.0 (api) - DEBUG - POST to endpoint: qe/expose/ returned response: <Response [200]>
2020-05-30 15:11:24,594 - instabot version: 0.117.0 (bot_photo) - INFO - Photo 'static\images\MyTemplate.jfif' is uploaded.
2020-05-30 15:11:24,595 - instabot version: 0.117.0 (bot_checkpoint) - DEBUG - Saving Checkpoint file to: E:\Automated Post In intsgram/config/Coding__hacks.checkpoint
2020-05-30 15:11:24,595 - instabot version: 0.117.0 (bot) - INFO - Total requests: 33
2020-05-30 15:34:26,354 - instabot version: 0.117.0 (bot) - INFO - Instabot version: 0.117.0 Started
2020-05-30 15:34:26,355 - instabot version: 0.117.0 (bot) - DEBUG - Bot imported from C:\Users\samson\AppData\Local\Programs\Python\Python38-32\lib\site-packages\instabot\bot\bot.py
2020-05-30 15:34:26,356 - instabot version: 0.117.0 (api_login) - DEBUG - Loading cookies
2020-05-30 15:34:26,356 - instabot version: 0.117.0 (api_login) - DEBUG - Loading uuids
2020-05-30 15:34:26,357 - instabot version: 0.117.0 (api_login) - INFO - Recovery from E:\Automated Post In intsgram/config/Coding__hacks_uuid_and_cookie.json: COOKIE True - UUIDs True - TIMING, DEVICE and ...
- user-agent=Instagram 117.0.0.28.123 Android (28/9.0; 420dpi; 1080x1920; OnePlus; ONEPLUS A3003; OnePlus3; qcom; en_US; 180322800)
- phone_id=cf1c0ff0-e623-4775-9f8b-ea3d10801c70
- uuid=668dfe16-ab5a-4f5f-9402-e3656e4f077b
- client_session_id=226a8d5f-d3fd-473a-b793-fdcf0be76de9
- device_id=android-efe34e45829d0927
2020-05-30 15:34:26,357 - instabot version: 0.117.0 (api_login) - INFO - LOGIN FLOW! Just logged-in: False
2020-05-30 15:34:27,334 - instabot version: 0.117.0 (api) - DEBUG - POST to endpoint: feed/timeline/ returned response: <Response [200]>
2020-05-30 15:34:27,886 - instabot version: 0.117.0 (api) - DEBUG - POST to endpoint: feed/reels_tray/ returned response: <Response [200]>
2020-05-30 15:34:27,886 - instabot version: 0.117.0 (api) - INFO - Logged-in successfully as 'Coding__hacks'!
2020-05-30 15:34:27,886 - instabot version: 0.117.0 (bot_checkpoint) - DEBUG - Loading Checkpoint file from: E:\Automated Post In intsgram/config/Coding__hacks.checkpoint
2020-05-30 15:34:40,879 - instabot version: 0.117.0 (bot_checkpoint) - DEBUG - Saving Checkpoint file to: E:\Automated Post In intsgram/config/Coding__hacks.checkpoint
2020-05-30 15:34:40,879 - instabot version: 0.117.0 (bot) - INFO - Total requests: 37
